Base path: C:/TrainOfHype/Unity/2018.3.6f1/Editor/Data
Cmd: initializeCompiler
Cmd: preprocessCompute
  insize=4733 outsize=4735 ok=1
Cmd: preprocessCompute
  insize=6585 outsize=6587 ok=1
Cmd: preprocess
  insize=5363 outsize=418 ok=1
Cmd: preprocessCompute
  insize=1562 outsize=1564 ok=1
Cmd: initializeCompiler
Cmd: initializeCompiler
Cmd: initializeCompiler
Cmd: initializeCompiler
Cmd: initializeCompiler
Cmd: initializeCompiler
Cmd: initializeCompiler
Cmd: initializeCompiler
Cmd: initializeCompiler
Cmd: initializeCompiler
Cmd: initializeCompiler
Cmd: initializeCompiler
Cmd: initializeCompiler
Cmd: initializeCompiler
Cmd: initializeCompiler
Cmd: initializeCompiler
